2021-12-03 15:18:37,744:INFO:parse:parse.py:77:Extracting
2021-12-03 15:18:37,760:INFO:parse:xml_parser.py:1150:File Found - /Users/chris/DocumentLocal/workspace/hfm/scripts_in_progress/xml_parser/music_xml_parser/data/xmls_to_parse/hfm_database/PrJode_Jos1102_COM_1-5_MissaLasol_002_00137.xml
2021-12-03 15:18:37,760:DEBUG:parse:xml_parser.py:214: ------------- part part P6aa20b6ac9abcb578312f4217f13ebf2 1-------------
2021-12-03 15:18:37,760:DEBUG:parse:xml_parser.py:221:measure 0 measure idtag 1  curr_onset 0.0
2021-12-03 15:18:37,761:DEBUG:parse:xml_parser.py:221:measure 1 measure idtag 2  curr_onset 12.0
2021-12-03 15:18:37,761:DEBUG:parse:xml_parser.py:221:measure 2 measure idtag 3  curr_onset 12.0
2021-12-03 15:18:37,761:DEBUG:parse:xml_parser.py:221:measure 3 measure idtag 4  curr_onset 12.0
2021-12-03 15:18:37,761:DEBUG:parse:xml_parser.py:221:measure 4 measure idtag 5  curr_onset 12.0
2021-12-03 15:18:37,761:DEBUG:parse:xml_parser.py:221:measure 5 measure idtag 6  curr_onset 12.0
2021-12-03 15:18:37,761:DEBUG:parse:xml_parser.py:221:measure 6 measure idtag 7  curr_onset 12.0
2021-12-03 15:18:37,761:DEBUG:parse:xml_parser.py:221:measure 7 measure idtag 8  curr_onset 12.0
2021-12-03 15:18:37,761:DEBUG:parse:xml_parser.py:221:measure 8 measure idtag 9  curr_onset 12.0
2021-12-03 15:18:37,761:DEBUG:parse:xml_parser.py:221:measure 9 measure idtag 10  curr_onset 12.0
2021-12-03 15:18:37,761:DEBUG:parse:xml_parser.py:221:measure 10 measure idtag 11  curr_onset 12.0
2021-12-03 15:18:37,761:DEBUG:parse:xml_parser.py:221:measure 11 measure idtag 12  curr_onset 12.0
2021-12-03 15:18:37,761:DEBUG:parse:xml_parser.py:221:measure 12 measure idtag 13  curr_onset 12.0
2021-12-03 15:18:37,761:DEBUG:parse:xml_parser.py:221:measure 13 measure idtag 14  curr_onset 12.0
2021-12-03 15:18:37,761:DEBUG:parse:xml_parser.py:221:measure 14 measure idtag 15  curr_onset 8.0
2021-12-03 15:18:37,761:DEBUG:parse:xml_parser.py:221:measure 15 measure idtag 16  curr_onset 8.0
2021-12-03 15:18:37,761:DEBUG:parse:xml_parser.py:221:measure 16 measure idtag 17  curr_onset 8.0
2021-12-03 15:18:37,761:DEBUG:parse:xml_parser.py:221:measure 17 measure idtag 18  curr_onset 8.0
2021-12-03 15:18:37,761:DEBUG:parse:xml_parser.py:221:measure 18 measure idtag 19  curr_onset 8.0
2021-12-03 15:18:37,761:DEBUG:parse:xml_parser.py:221:measure 19 measure idtag 20  curr_onset 8.0
2021-12-03 15:18:37,761:DEBUG:parse:xml_parser.py:221:measure 20 measure idtag 21  curr_onset 8.0
2021-12-03 15:18:37,762:DEBUG:parse:xml_parser.py:221:measure 21 measure idtag 22  curr_onset 8.0
2021-12-03 15:18:37,762:DEBUG:parse:xml_parser.py:221:measure 22 measure idtag 23  curr_onset 8.0
2021-12-03 15:18:37,762:DEBUG:parse:xml_parser.py:221:measure 23 measure idtag 24  curr_onset 8.0
2021-12-03 15:18:37,762:DEBUG:parse:xml_parser.py:221:measure 24 measure idtag 25  curr_onset 8.0
2021-12-03 15:18:37,762:DEBUG:parse:xml_parser.py:221:measure 25 measure idtag 26  curr_onset 8.0
2021-12-03 15:18:37,762:DEBUG:parse:xml_parser.py:221:measure 26 measure idtag 27  curr_onset 8.0
2021-12-03 15:18:37,762:DEBUG:parse:xml_parser.py:221:measure 27 measure idtag 28  curr_onset 8.0
2021-12-03 15:18:37,762:DEBUG:parse:xml_parser.py:221:measure 28 measure idtag 29  curr_onset 8.0
2021-12-03 15:18:37,762:DEBUG:parse:xml_parser.py:221:measure 29 measure idtag 30  curr_onset 8.0
2021-12-03 15:18:37,762:DEBUG:parse:xml_parser.py:221:measure 30 measure idtag 31  curr_onset 8.0
2021-12-03 15:18:37,762:DEBUG:parse:xml_parser.py:221:measure 31 measure idtag 32  curr_onset 8.0
2021-12-03 15:18:37,762:DEBUG:parse:xml_parser.py:221:measure 32 measure idtag 33  curr_onset 8.0
2021-12-03 15:18:37,762:DEBUG:parse:xml_parser.py:221:measure 33 measure idtag 34  curr_onset 8.0
2021-12-03 15:18:37,762:DEBUG:parse:xml_parser.py:221:measure 34 measure idtag 35  curr_onset 8.0
2021-12-03 15:18:37,762:DEBUG:parse:xml_parser.py:221:measure 35 measure idtag 36  curr_onset 8.0
2021-12-03 15:18:37,762:DEBUG:parse:xml_parser.py:221:measure 36 measure idtag 37  curr_onset 8.0
2021-12-03 15:18:37,762:DEBUG:parse:xml_parser.py:221:measure 37 measure idtag 38  curr_onset 8.0
2021-12-03 15:18:37,762:DEBUG:parse:xml_parser.py:221:measure 38 measure idtag 39  curr_onset 8.0
2021-12-03 15:18:37,762:DEBUG:parse:xml_parser.py:221:measure 39 measure idtag 40  curr_onset 8.0
2021-12-03 15:18:37,762:DEBUG:parse:xml_parser.py:221:measure 40 measure idtag 41  curr_onset 8.0
2021-12-03 15:18:37,762:DEBUG:parse:xml_parser.py:221:measure 41 measure idtag 42  curr_onset 8.0
2021-12-03 15:18:37,762:DEBUG:parse:xml_parser.py:221:measure 42 measure idtag 43  curr_onset 12.0
2021-12-03 15:18:37,762:DEBUG:parse:xml_parser.py:221:measure 43 measure idtag 44  curr_onset 12.0
2021-12-03 15:18:37,762:DEBUG:parse:xml_parser.py:221:measure 44 measure idtag 45  curr_onset 12.0
2021-12-03 15:18:37,763:DEBUG:parse:xml_parser.py:221:measure 45 measure idtag 46  curr_onset 12.0
2021-12-03 15:18:37,763:DEBUG:parse:xml_parser.py:221:measure 46 measure idtag 47  curr_onset 12.0
2021-12-03 15:18:37,763:DEBUG:parse:xml_parser.py:221:measure 47 measure idtag 48  curr_onset 12.0
2021-12-03 15:18:37,763:DEBUG:parse:xml_parser.py:221:measure 48 measure idtag 49  curr_onset 12.0
2021-12-03 15:18:37,763:DEBUG:parse:xml_parser.py:221:measure 49 measure idtag 50  curr_onset 12.0
2021-12-03 15:18:37,763:DEBUG:parse:xml_parser.py:221:measure 50 measure idtag 51  curr_onset 12.0
2021-12-03 15:18:37,763:DEBUG:parse:xml_parser.py:221:measure 51 measure idtag 52  curr_onset 12.0
2021-12-03 15:18:37,763:DEBUG:parse:xml_parser.py:221:measure 52 measure idtag 53  curr_onset 12.0
2021-12-03 15:18:37,763:DEBUG:parse:xml_parser.py:221:measure 53 measure idtag 54  curr_onset 12.0
2021-12-03 15:18:37,763:DEBUG:parse:xml_parser.py:221:measure 54 measure idtag 55  curr_onset 12.0
2021-12-03 15:18:37,763:DEBUG:parse:xml_parser.py:221:measure 55 measure idtag 56  curr_onset 12.0
2021-12-03 15:18:37,763:DEBUG:parse:xml_parser.py:221:measure 56 measure idtag 57  curr_onset 12.0
2021-12-03 15:18:37,763:DEBUG:parse:xml_parser.py:221:measure 57 measure idtag 58  curr_onset 12.0
2021-12-03 15:18:37,763:DEBUG:parse:xml_parser.py:214: ------------- part part Pacb19764949582c64e4692a92affa634 2-------------
2021-12-03 15:18:37,763:DEBUG:parse:xml_parser.py:221:measure 0 measure idtag 1  curr_onset 12.0
2021-12-03 15:18:37,764:DEBUG:parse:xml_parser.py:221:measure 1 measure idtag 2  curr_onset 12.0
2021-12-03 15:18:37,764:DEBUG:parse:xml_parser.py:221:measure 2 measure idtag 3  curr_onset 12.0
2021-12-03 15:18:37,764:DEBUG:parse:xml_parser.py:221:measure 3 measure idtag 4  curr_onset 12.0
2021-12-03 15:18:37,764:DEBUG:parse:xml_parser.py:221:measure 4 measure idtag 5  curr_onset 12.0
2021-12-03 15:18:37,764:DEBUG:parse:xml_parser.py:221:measure 5 measure idtag 6  curr_onset 12.0
2021-12-03 15:18:37,764:DEBUG:parse:xml_parser.py:221:measure 6 measure idtag 7  curr_onset 12.0
2021-12-03 15:18:37,764:DEBUG:parse:xml_parser.py:221:measure 7 measure idtag 8  curr_onset 12.0
2021-12-03 15:18:37,764:DEBUG:parse:xml_parser.py:221:measure 8 measure idtag 9  curr_onset 12.0
2021-12-03 15:18:37,764:DEBUG:parse:xml_parser.py:221:measure 9 measure idtag 10  curr_onset 12.0
2021-12-03 15:18:37,764:DEBUG:parse:xml_parser.py:221:measure 10 measure idtag 11  curr_onset 12.0
2021-12-03 15:18:37,764:DEBUG:parse:xml_parser.py:221:measure 11 measure idtag 12  curr_onset 12.0
2021-12-03 15:18:37,764:DEBUG:parse:xml_parser.py:221:measure 12 measure idtag 13  curr_onset 12.0
2021-12-03 15:18:37,764:DEBUG:parse:xml_parser.py:221:measure 13 measure idtag 14  curr_onset 12.0
2021-12-03 15:18:37,764:DEBUG:parse:xml_parser.py:221:measure 14 measure idtag 15  curr_onset 8.0
2021-12-03 15:18:37,764:DEBUG:parse:xml_parser.py:221:measure 15 measure idtag 16  curr_onset 8.0
2021-12-03 15:18:37,764:DEBUG:parse:xml_parser.py:221:measure 16 measure idtag 17  curr_onset 8.0
2021-12-03 15:18:37,764:DEBUG:parse:xml_parser.py:221:measure 17 measure idtag 18  curr_onset 8.0
2021-12-03 15:18:37,764:DEBUG:parse:xml_parser.py:221:measure 18 measure idtag 19  curr_onset 8.0
2021-12-03 15:18:37,764:DEBUG:parse:xml_parser.py:221:measure 19 measure idtag 20  curr_onset 8.0
2021-12-03 15:18:37,764:DEBUG:parse:xml_parser.py:221:measure 20 measure idtag 21  curr_onset 8.0
2021-12-03 15:18:37,764:DEBUG:parse:xml_parser.py:221:measure 21 measure idtag 22  curr_onset 8.0
2021-12-03 15:18:37,764:DEBUG:parse:xml_parser.py:221:measure 22 measure idtag 23  curr_onset 8.0
2021-12-03 15:18:37,765:DEBUG:parse:xml_parser.py:221:measure 23 measure idtag 24  curr_onset 8.0
2021-12-03 15:18:37,765:DEBUG:parse:xml_parser.py:221:measure 24 measure idtag 25  curr_onset 8.0
2021-12-03 15:18:37,765:DEBUG:parse:xml_parser.py:221:measure 25 measure idtag 26  curr_onset 8.0
2021-12-03 15:18:37,765:DEBUG:parse:xml_parser.py:221:measure 26 measure idtag 27  curr_onset 8.0
2021-12-03 15:18:37,765:DEBUG:parse:xml_parser.py:221:measure 27 measure idtag 28  curr_onset 8.0
2021-12-03 15:18:37,765:DEBUG:parse:xml_parser.py:221:measure 28 measure idtag 29  curr_onset 8.0
2021-12-03 15:18:37,765:DEBUG:parse:xml_parser.py:221:measure 29 measure idtag 30  curr_onset 8.0
2021-12-03 15:18:37,765:DEBUG:parse:xml_parser.py:221:measure 30 measure idtag 31  curr_onset 8.0
2021-12-03 15:18:37,765:DEBUG:parse:xml_parser.py:221:measure 31 measure idtag 32  curr_onset 8.0
2021-12-03 15:18:37,765:DEBUG:parse:xml_parser.py:221:measure 32 measure idtag 33  curr_onset 8.0
2021-12-03 15:18:37,765:DEBUG:parse:xml_parser.py:221:measure 33 measure idtag 34  curr_onset 8.0
2021-12-03 15:18:37,765:DEBUG:parse:xml_parser.py:221:measure 34 measure idtag 35  curr_onset 8.0
2021-12-03 15:18:37,765:DEBUG:parse:xml_parser.py:221:measure 35 measure idtag 36  curr_onset 8.0
2021-12-03 15:18:37,765:DEBUG:parse:xml_parser.py:221:measure 36 measure idtag 37  curr_onset 8.0
2021-12-03 15:18:37,765:DEBUG:parse:xml_parser.py:221:measure 37 measure idtag 38  curr_onset 8.0
2021-12-03 15:18:37,765:DEBUG:parse:xml_parser.py:221:measure 38 measure idtag 39  curr_onset 8.0
2021-12-03 15:18:37,765:DEBUG:parse:xml_parser.py:221:measure 39 measure idtag 40  curr_onset 8.0
2021-12-03 15:18:37,765:DEBUG:parse:xml_parser.py:221:measure 40 measure idtag 41  curr_onset 8.0
2021-12-03 15:18:37,765:DEBUG:parse:xml_parser.py:221:measure 41 measure idtag 42  curr_onset 8.0
2021-12-03 15:18:37,765:DEBUG:parse:xml_parser.py:221:measure 42 measure idtag 43  curr_onset 12.0
2021-12-03 15:18:37,765:DEBUG:parse:xml_parser.py:221:measure 43 measure idtag 44  curr_onset 12.0
2021-12-03 15:18:37,765:DEBUG:parse:xml_parser.py:221:measure 44 measure idtag 45  curr_onset 12.0
2021-12-03 15:18:37,765:DEBUG:parse:xml_parser.py:221:measure 45 measure idtag 46  curr_onset 12.0
2021-12-03 15:18:37,765:DEBUG:parse:xml_parser.py:221:measure 46 measure idtag 47  curr_onset 12.0
2021-12-03 15:18:37,765:DEBUG:parse:xml_parser.py:221:measure 47 measure idtag 48  curr_onset 12.0
2021-12-03 15:18:37,766:DEBUG:parse:xml_parser.py:221:measure 48 measure idtag 49  curr_onset 12.0
2021-12-03 15:18:37,766:DEBUG:parse:xml_parser.py:221:measure 49 measure idtag 50  curr_onset 12.0
2021-12-03 15:18:37,766:DEBUG:parse:xml_parser.py:221:measure 50 measure idtag 51  curr_onset 12.0
2021-12-03 15:18:37,766:DEBUG:parse:xml_parser.py:221:measure 51 measure idtag 52  curr_onset 12.0
2021-12-03 15:18:37,766:DEBUG:parse:xml_parser.py:221:measure 52 measure idtag 53  curr_onset 12.0
2021-12-03 15:18:37,766:DEBUG:parse:xml_parser.py:221:measure 53 measure idtag 54  curr_onset 12.0
2021-12-03 15:18:37,766:DEBUG:parse:xml_parser.py:221:measure 54 measure idtag 55  curr_onset 12.0
2021-12-03 15:18:37,766:DEBUG:parse:xml_parser.py:221:measure 55 measure idtag 56  curr_onset 12.0
2021-12-03 15:18:37,766:DEBUG:parse:xml_parser.py:221:measure 56 measure idtag 57  curr_onset 12.0
2021-12-03 15:18:37,766:DEBUG:parse:xml_parser.py:221:measure 57 measure idtag 58  curr_onset 12.0
2021-12-03 15:18:37,766:DEBUG:parse:xml_parser.py:214: ------------- part part P76b94a4ca5eca66ab3e19768ac0c8830 3-------------
2021-12-03 15:18:37,766:DEBUG:parse:xml_parser.py:221:measure 0 measure idtag 1  curr_onset 12.0
2021-12-03 15:18:37,766:DEBUG:parse:xml_parser.py:221:measure 1 measure idtag 2  curr_onset 12.0
2021-12-03 15:18:37,766:DEBUG:parse:xml_parser.py:221:measure 2 measure idtag 3  curr_onset 12.0
2021-12-03 15:18:37,766:DEBUG:parse:xml_parser.py:221:measure 3 measure idtag 4  curr_onset 12.0
2021-12-03 15:18:37,766:DEBUG:parse:xml_parser.py:221:measure 4 measure idtag 5  curr_onset 12.0
2021-12-03 15:18:37,766:DEBUG:parse:xml_parser.py:221:measure 5 measure idtag 6  curr_onset 12.0
2021-12-03 15:18:37,766:DEBUG:parse:xml_parser.py:221:measure 6 measure idtag 7  curr_onset 12.0
2021-12-03 15:18:37,766:DEBUG:parse:xml_parser.py:221:measure 7 measure idtag 8  curr_onset 12.0
2021-12-03 15:18:37,767:DEBUG:parse:xml_parser.py:221:measure 8 measure idtag 9  curr_onset 12.0
2021-12-03 15:18:37,767:DEBUG:parse:xml_parser.py:221:measure 9 measure idtag 10  curr_onset 12.0
2021-12-03 15:18:37,767:DEBUG:parse:xml_parser.py:221:measure 10 measure idtag 11  curr_onset 12.0
2021-12-03 15:18:37,767:DEBUG:parse:xml_parser.py:221:measure 11 measure idtag 12  curr_onset 12.0
2021-12-03 15:18:37,767:DEBUG:parse:xml_parser.py:221:measure 12 measure idtag 13  curr_onset 12.0
2021-12-03 15:18:37,767:DEBUG:parse:xml_parser.py:221:measure 13 measure idtag 14  curr_onset 12.0
2021-12-03 15:18:37,767:DEBUG:parse:xml_parser.py:221:measure 14 measure idtag 15  curr_onset 8.0
2021-12-03 15:18:37,767:DEBUG:parse:xml_parser.py:221:measure 15 measure idtag 16  curr_onset 8.0
2021-12-03 15:18:37,767:DEBUG:parse:xml_parser.py:221:measure 16 measure idtag 17  curr_onset 8.0
2021-12-03 15:18:37,767:DEBUG:parse:xml_parser.py:221:measure 17 measure idtag 18  curr_onset 8.0
2021-12-03 15:18:37,767:DEBUG:parse:xml_parser.py:221:measure 18 measure idtag 19  curr_onset 8.0
2021-12-03 15:18:37,767:DEBUG:parse:xml_parser.py:221:measure 19 measure idtag 20  curr_onset 8.0
2021-12-03 15:18:37,767:DEBUG:parse:xml_parser.py:221:measure 20 measure idtag 21  curr_onset 8.0
2021-12-03 15:18:37,767:DEBUG:parse:xml_parser.py:221:measure 21 measure idtag 22  curr_onset 8.0
2021-12-03 15:18:37,767:DEBUG:parse:xml_parser.py:221:measure 22 measure idtag 23  curr_onset 8.0
2021-12-03 15:18:37,767:DEBUG:parse:xml_parser.py:221:measure 23 measure idtag 24  curr_onset 8.0
2021-12-03 15:18:37,767:DEBUG:parse:xml_parser.py:221:measure 24 measure idtag 25  curr_onset 8.0
2021-12-03 15:18:37,767:DEBUG:parse:xml_parser.py:221:measure 25 measure idtag 26  curr_onset 8.0
2021-12-03 15:18:37,767:DEBUG:parse:xml_parser.py:221:measure 26 measure idtag 27  curr_onset 8.0
2021-12-03 15:18:37,767:DEBUG:parse:xml_parser.py:221:measure 27 measure idtag 28  curr_onset 8.0
2021-12-03 15:18:37,767:DEBUG:parse:xml_parser.py:221:measure 28 measure idtag 29  curr_onset 8.0
2021-12-03 15:18:37,767:DEBUG:parse:xml_parser.py:221:measure 29 measure idtag 30  curr_onset 8.0
2021-12-03 15:18:37,767:DEBUG:parse:xml_parser.py:221:measure 30 measure idtag 31  curr_onset 8.0
2021-12-03 15:18:37,767:DEBUG:parse:xml_parser.py:221:measure 31 measure idtag 32  curr_onset 8.0
2021-12-03 15:18:37,767:DEBUG:parse:xml_parser.py:221:measure 32 measure idtag 33  curr_onset 8.0
2021-12-03 15:18:37,767:DEBUG:parse:xml_parser.py:221:measure 33 measure idtag 34  curr_onset 8.0
2021-12-03 15:18:37,768:DEBUG:parse:xml_parser.py:221:measure 34 measure idtag 35  curr_onset 8.0
2021-12-03 15:18:37,768:DEBUG:parse:xml_parser.py:221:measure 35 measure idtag 36  curr_onset 8.0
2021-12-03 15:18:37,768:DEBUG:parse:xml_parser.py:221:measure 36 measure idtag 37  curr_onset 8.0
2021-12-03 15:18:37,768:DEBUG:parse:xml_parser.py:221:measure 37 measure idtag 38  curr_onset 8.0
2021-12-03 15:18:37,768:DEBUG:parse:xml_parser.py:221:measure 38 measure idtag 39  curr_onset 8.0
2021-12-03 15:18:37,768:DEBUG:parse:xml_parser.py:221:measure 39 measure idtag 40  curr_onset 8.0
2021-12-03 15:18:37,768:DEBUG:parse:xml_parser.py:221:measure 40 measure idtag 41  curr_onset 8.0
2021-12-03 15:18:37,768:DEBUG:parse:xml_parser.py:221:measure 41 measure idtag 42  curr_onset 8.0
2021-12-03 15:18:37,768:DEBUG:parse:xml_parser.py:221:measure 42 measure idtag 43  curr_onset 12.0
2021-12-03 15:18:37,768:DEBUG:parse:xml_parser.py:221:measure 43 measure idtag 44  curr_onset 12.0
2021-12-03 15:18:37,768:DEBUG:parse:xml_parser.py:221:measure 44 measure idtag 45  curr_onset 12.0
2021-12-03 15:18:37,768:DEBUG:parse:xml_parser.py:221:measure 45 measure idtag 46  curr_onset 12.0
2021-12-03 15:18:37,768:DEBUG:parse:xml_parser.py:221:measure 46 measure idtag 47  curr_onset 12.0
2021-12-03 15:18:37,768:DEBUG:parse:xml_parser.py:221:measure 47 measure idtag 48  curr_onset 12.0
2021-12-03 15:18:37,768:DEBUG:parse:xml_parser.py:221:measure 48 measure idtag 49  curr_onset 12.0
2021-12-03 15:18:37,768:DEBUG:parse:xml_parser.py:221:measure 49 measure idtag 50  curr_onset 12.0
2021-12-03 15:18:37,768:DEBUG:parse:xml_parser.py:221:measure 50 measure idtag 51  curr_onset 12.0
2021-12-03 15:18:37,768:DEBUG:parse:xml_parser.py:221:measure 51 measure idtag 52  curr_onset 12.0
2021-12-03 15:18:37,768:DEBUG:parse:xml_parser.py:221:measure 52 measure idtag 53  curr_onset 12.0
2021-12-03 15:18:37,768:DEBUG:parse:xml_parser.py:221:measure 53 measure idtag 54  curr_onset 12.0
2021-12-03 15:18:37,768:DEBUG:parse:xml_parser.py:221:measure 54 measure idtag 55  curr_onset 12.0
2021-12-03 15:18:37,768:DEBUG:parse:xml_parser.py:221:measure 55 measure idtag 56  curr_onset 12.0
2021-12-03 15:18:37,769:DEBUG:parse:xml_parser.py:221:measure 56 measure idtag 57  curr_onset 12.0
2021-12-03 15:18:37,769:DEBUG:parse:xml_parser.py:221:measure 57 measure idtag 58  curr_onset 12.0
2021-12-03 15:18:37,769:DEBUG:parse:xml_parser.py:214: ------------- part part P95c676b405897a030c6f07312d84677c 4-------------
2021-12-03 15:18:37,769:DEBUG:parse:xml_parser.py:221:measure 0 measure idtag 1  curr_onset 12.0
2021-12-03 15:18:37,769:DEBUG:parse:xml_parser.py:221:measure 1 measure idtag 2  curr_onset 12.0
2021-12-03 15:18:37,769:DEBUG:parse:xml_parser.py:221:measure 2 measure idtag 3  curr_onset 12.0
2021-12-03 15:18:37,769:DEBUG:parse:xml_parser.py:221:measure 3 measure idtag 4  curr_onset 12.0
2021-12-03 15:18:37,769:DEBUG:parse:xml_parser.py:221:measure 4 measure idtag 5  curr_onset 12.0
2021-12-03 15:18:37,769:DEBUG:parse:xml_parser.py:221:measure 5 measure idtag 6  curr_onset 12.0
2021-12-03 15:18:37,769:DEBUG:parse:xml_parser.py:221:measure 6 measure idtag 7  curr_onset 12.0
2021-12-03 15:18:37,769:DEBUG:parse:xml_parser.py:221:measure 7 measure idtag 8  curr_onset 12.0
2021-12-03 15:18:37,769:DEBUG:parse:xml_parser.py:221:measure 8 measure idtag 9  curr_onset 12.0
2021-12-03 15:18:37,769:DEBUG:parse:xml_parser.py:221:measure 9 measure idtag 10  curr_onset 12.0
2021-12-03 15:18:37,769:DEBUG:parse:xml_parser.py:221:measure 10 measure idtag 11  curr_onset 12.0
2021-12-03 15:18:37,769:DEBUG:parse:xml_parser.py:221:measure 11 measure idtag 12  curr_onset 12.0
2021-12-03 15:18:37,769:DEBUG:parse:xml_parser.py:221:measure 12 measure idtag 13  curr_onset 12.0
2021-12-03 15:18:37,769:DEBUG:parse:xml_parser.py:221:measure 13 measure idtag 14  curr_onset 12.0
2021-12-03 15:18:37,769:DEBUG:parse:xml_parser.py:221:measure 14 measure idtag 15  curr_onset 8.0
2021-12-03 15:18:37,769:DEBUG:parse:xml_parser.py:221:measure 15 measure idtag 16  curr_onset 8.0
2021-12-03 15:18:37,769:DEBUG:parse:xml_parser.py:221:measure 16 measure idtag 17  curr_onset 8.0
2021-12-03 15:18:37,769:DEBUG:parse:xml_parser.py:221:measure 17 measure idtag 18  curr_onset 8.0
2021-12-03 15:18:37,769:DEBUG:parse:xml_parser.py:221:measure 18 measure idtag 19  curr_onset 8.0
2021-12-03 15:18:37,769:DEBUG:parse:xml_parser.py:221:measure 19 measure idtag 20  curr_onset 8.0
2021-12-03 15:18:37,769:DEBUG:parse:xml_parser.py:221:measure 20 measure idtag 21  curr_onset 8.0
2021-12-03 15:18:37,769:DEBUG:parse:xml_parser.py:221:measure 21 measure idtag 22  curr_onset 8.0
2021-12-03 15:18:37,770:DEBUG:parse:xml_parser.py:221:measure 22 measure idtag 23  curr_onset 8.0
2021-12-03 15:18:37,770:DEBUG:parse:xml_parser.py:221:measure 23 measure idtag 24  curr_onset 8.0
2021-12-03 15:18:37,770:DEBUG:parse:xml_parser.py:221:measure 24 measure idtag 25  curr_onset 8.0
2021-12-03 15:18:37,770:DEBUG:parse:xml_parser.py:221:measure 25 measure idtag 26  curr_onset 8.0
2021-12-03 15:18:37,770:DEBUG:parse:xml_parser.py:221:measure 26 measure idtag 27  curr_onset 8.0
2021-12-03 15:18:37,770:DEBUG:parse:xml_parser.py:221:measure 27 measure idtag 28  curr_onset 8.0
2021-12-03 15:18:37,770:DEBUG:parse:xml_parser.py:221:measure 28 measure idtag 29  curr_onset 8.0
2021-12-03 15:18:37,770:DEBUG:parse:xml_parser.py:221:measure 29 measure idtag 30  curr_onset 8.0
2021-12-03 15:18:37,770:DEBUG:parse:xml_parser.py:221:measure 30 measure idtag 31  curr_onset 8.0
2021-12-03 15:18:37,770:DEBUG:parse:xml_parser.py:221:measure 31 measure idtag 32  curr_onset 8.0
2021-12-03 15:18:37,770:DEBUG:parse:xml_parser.py:221:measure 32 measure idtag 33  curr_onset 8.0
2021-12-03 15:18:37,770:DEBUG:parse:xml_parser.py:221:measure 33 measure idtag 34  curr_onset 8.0
2021-12-03 15:18:37,770:DEBUG:parse:xml_parser.py:221:measure 34 measure idtag 35  curr_onset 8.0
2021-12-03 15:18:37,770:DEBUG:parse:xml_parser.py:221:measure 35 measure idtag 36  curr_onset 8.0
2021-12-03 15:18:37,770:DEBUG:parse:xml_parser.py:221:measure 36 measure idtag 37  curr_onset 8.0
2021-12-03 15:18:37,770:DEBUG:parse:xml_parser.py:221:measure 37 measure idtag 38  curr_onset 8.0
2021-12-03 15:18:37,770:DEBUG:parse:xml_parser.py:221:measure 38 measure idtag 39  curr_onset 8.0
2021-12-03 15:18:37,770:DEBUG:parse:xml_parser.py:221:measure 39 measure idtag 40  curr_onset 8.0
2021-12-03 15:18:37,770:DEBUG:parse:xml_parser.py:221:measure 40 measure idtag 41  curr_onset 8.0
2021-12-03 15:18:37,770:DEBUG:parse:xml_parser.py:221:measure 41 measure idtag 42  curr_onset 8.0
2021-12-03 15:18:37,770:DEBUG:parse:xml_parser.py:221:measure 42 measure idtag 43  curr_onset 12.0
2021-12-03 15:18:37,770:DEBUG:parse:xml_parser.py:221:measure 43 measure idtag 44  curr_onset 12.0
2021-12-03 15:18:37,770:DEBUG:parse:xml_parser.py:221:measure 44 measure idtag 45  curr_onset 12.0
2021-12-03 15:18:37,770:DEBUG:parse:xml_parser.py:221:measure 45 measure idtag 46  curr_onset 12.0
2021-12-03 15:18:37,770:DEBUG:parse:xml_parser.py:221:measure 46 measure idtag 47  curr_onset 12.0
2021-12-03 15:18:37,770:DEBUG:parse:xml_parser.py:221:measure 47 measure idtag 48  curr_onset 12.0
2021-12-03 15:18:37,770:DEBUG:parse:xml_parser.py:221:measure 48 measure idtag 49  curr_onset 12.0
2021-12-03 15:18:37,770:DEBUG:parse:xml_parser.py:221:measure 49 measure idtag 50  curr_onset 12.0
2021-12-03 15:18:37,771:DEBUG:parse:xml_parser.py:221:measure 50 measure idtag 51  curr_onset 12.0
2021-12-03 15:18:37,771:DEBUG:parse:xml_parser.py:221:measure 51 measure idtag 52  curr_onset 12.0
2021-12-03 15:18:37,771:DEBUG:parse:xml_parser.py:221:measure 52 measure idtag 53  curr_onset 12.0
2021-12-03 15:18:37,771:DEBUG:parse:xml_parser.py:221:measure 53 measure idtag 54  curr_onset 12.0
2021-12-03 15:18:37,771:DEBUG:parse:xml_parser.py:221:measure 54 measure idtag 55  curr_onset 12.0
2021-12-03 15:18:37,771:DEBUG:parse:xml_parser.py:221:measure 55 measure idtag 56  curr_onset 12.0
2021-12-03 15:18:37,771:DEBUG:parse:xml_parser.py:221:measure 56 measure idtag 57  curr_onset 12.0
2021-12-03 15:18:37,771:DEBUG:parse:xml_parser.py:221:measure 57 measure idtag 58  curr_onset 12.0
2021-12-03 15:18:37,771:DEBUG:parse:xml_parser.py:321:self.step                   :618
2021-12-03 15:18:37,771:DEBUG:parse:xml_parser.py:322:self.octave                 :618
2021-12-03 15:18:37,771:DEBUG:parse:xml_parser.py:323:self.tie                    :618
2021-12-03 15:18:37,771:DEBUG:parse:xml_parser.py:324:self.duration               :618
2021-12-03 15:18:37,771:DEBUG:parse:xml_parser.py:325:self.chord_tags             :618
2021-12-03 15:18:37,771:DEBUG:parse:xml_parser.py:326:self.voice_num              :618
2021-12-03 15:18:37,771:DEBUG:parse:xml_parser.py:327:self.GraceNote              :618
2021-12-03 15:18:37,771:DEBUG:parse:xml_parser.py:328:self.measure_num_per_note   :618
2021-12-03 15:18:37,771:DEBUG:parse:xml_parser.py:329:self.glb_part_id_list       :618
2021-12-03 15:18:37,771:DEBUG:parse:xml_parser.py:330:self.part_name_list         :618
2021-12-03 15:18:37,771:DEBUG:parse:xml_parser.py:331:measure_onset_list          :232
2021-12-03 15:18:37,771:DEBUG:parse:xml_parser.py:332:self.note_counter_list      :618
2021-12-03 15:18:37,771:DEBUG:parse:xml_parser.py:333:self.measure_onset_df       :618
2021-12-03 15:18:37,771:DEBUG:parse:xml_parser.py:334:self.time_signature_list    :618
2021-12-03 15:18:37,771:DEBUG:parse:xml_parser.py:335:measure_duration_list       :618
2021-12-03 15:18:37,771:DEBUG:parse:xml_parser.py:336:curr_measure_num            :58
2021-12-03 15:18:39,081:INFO:parse:parse.py:81:Successful
2021-12-03 15:18:39,283:INFO:parse:parse.py:77:Extracting
2021-12-03 15:18:39,293:INFO:parse:xml_parser.py:1150:File Found - /Users/chris/DocumentLocal/workspace/hfm/scripts_in_progress/xml_parser/music_xml_parser/data/xmls_to_parse/hfm_database/BaJoSe_BWV18_COM_5-5_CantataGle_004_00110.xml
2021-12-03 15:18:39,293:DEBUG:parse:xml_parser.py:214: ------------- part part P1 1-------------
2021-12-03 15:18:39,294:DEBUG:parse:xml_parser.py:221:measure 0 measure idtag 0  curr_onset 0.0
2021-12-03 15:18:39,294:DEBUG:parse:xml_parser.py:221:measure 0 measure idtag 1  curr_onset 4.0
2021-12-03 15:18:39,294:DEBUG:parse:xml_parser.py:221:measure 1 measure idtag 2  curr_onset 4.0
2021-12-03 15:18:39,294:DEBUG:parse:xml_parser.py:221:measure 2 measure idtag 3  curr_onset 4.0
2021-12-03 15:18:39,294:DEBUG:parse:xml_parser.py:221:measure 3 measure idtag 4  curr_onset 4.0
2021-12-03 15:18:39,294:DEBUG:parse:xml_parser.py:221:measure 4 measure idtag 5  curr_onset 4.0
2021-12-03 15:18:39,294:DEBUG:parse:xml_parser.py:221:measure 5 measure idtag 6  curr_onset 4.0
2021-12-03 15:18:39,294:DEBUG:parse:xml_parser.py:221:measure 6 measure idtag 7  curr_onset 4.0
2021-12-03 15:18:39,294:DEBUG:parse:xml_parser.py:221:measure 7 measure idtag 8  curr_onset 4.0
2021-12-03 15:18:39,294:DEBUG:parse:xml_parser.py:221:measure 8 measure idtag 9  curr_onset 4.0
2021-12-03 15:18:39,294:DEBUG:parse:xml_parser.py:221:measure 9 measure idtag 10  curr_onset 4.0
2021-12-03 15:18:39,294:DEBUG:parse:xml_parser.py:221:measure 10 measure idtag 11  curr_onset 4.0
2021-12-03 15:18:39,294:DEBUG:parse:xml_parser.py:221:measure 11 measure idtag 12  curr_onset 4.0
2021-12-03 15:18:39,294:DEBUG:parse:xml_parser.py:221:measure 12 measure idtag 13  curr_onset 4.0
2021-12-03 15:18:39,294:DEBUG:parse:xml_parser.py:221:measure 13 measure idtag 14  curr_onset 4.0
2021-12-03 15:18:39,294:DEBUG:parse:xml_parser.py:214: ------------- part part P2 2-------------
2021-12-03 15:18:39,294:DEBUG:parse:xml_parser.py:221:measure 0 measure idtag 0  curr_onset 4.0
2021-12-03 15:18:39,294:DEBUG:parse:xml_parser.py:221:measure 0 measure idtag 1  curr_onset 4.0
2021-12-03 15:18:39,295:DEBUG:parse:xml_parser.py:221:measure 1 measure idtag 2  curr_onset 4.0
2021-12-03 15:18:39,295:DEBUG:parse:xml_parser.py:221:measure 2 measure idtag 3  curr_onset 4.0
2021-12-03 15:18:39,295:DEBUG:parse:xml_parser.py:221:measure 3 measure idtag 4  curr_onset 4.0
2021-12-03 15:18:39,295:DEBUG:parse:xml_parser.py:221:measure 4 measure idtag 5  curr_onset 4.0
2021-12-03 15:18:39,295:DEBUG:parse:xml_parser.py:221:measure 5 measure idtag 6  curr_onset 4.0
2021-12-03 15:18:39,295:DEBUG:parse:xml_parser.py:221:measure 6 measure idtag 7  curr_onset 4.0
2021-12-03 15:18:39,295:DEBUG:parse:xml_parser.py:221:measure 7 measure idtag 8  curr_onset 4.0
2021-12-03 15:18:39,295:DEBUG:parse:xml_parser.py:221:measure 8 measure idtag 9  curr_onset 4.0
2021-12-03 15:18:39,295:DEBUG:parse:xml_parser.py:221:measure 9 measure idtag 10  curr_onset 4.0
2021-12-03 15:18:39,295:DEBUG:parse:xml_parser.py:221:measure 10 measure idtag 11  curr_onset 4.0
2021-12-03 15:18:39,295:DEBUG:parse:xml_parser.py:221:measure 11 measure idtag 12  curr_onset 4.0
2021-12-03 15:18:39,295:DEBUG:parse:xml_parser.py:221:measure 12 measure idtag 13  curr_onset 4.0
2021-12-03 15:18:39,295:DEBUG:parse:xml_parser.py:221:measure 13 measure idtag 14  curr_onset 4.0
2021-12-03 15:18:39,295:DEBUG:parse:xml_parser.py:214: ------------- part part P3 3-------------
2021-12-03 15:18:39,295:DEBUG:parse:xml_parser.py:221:measure 0 measure idtag 0  curr_onset 4.0
2021-12-03 15:18:39,295:DEBUG:parse:xml_parser.py:221:measure 0 measure idtag 1  curr_onset 4.0
2021-12-03 15:18:39,295:DEBUG:parse:xml_parser.py:221:measure 1 measure idtag 2  curr_onset 4.0
2021-12-03 15:18:39,295:DEBUG:parse:xml_parser.py:221:measure 2 measure idtag 3  curr_onset 4.0
2021-12-03 15:18:39,295:DEBUG:parse:xml_parser.py:221:measure 3 measure idtag 4  curr_onset 4.0
2021-12-03 15:18:39,296:DEBUG:parse:xml_parser.py:221:measure 4 measure idtag 5  curr_onset 4.0
2021-12-03 15:18:39,296:DEBUG:parse:xml_parser.py:221:measure 5 measure idtag 6  curr_onset 4.0
2021-12-03 15:18:39,296:DEBUG:parse:xml_parser.py:221:measure 6 measure idtag 7  curr_onset 4.0
2021-12-03 15:18:39,296:DEBUG:parse:xml_parser.py:221:measure 7 measure idtag 8  curr_onset 4.0
2021-12-03 15:18:39,296:DEBUG:parse:xml_parser.py:221:measure 8 measure idtag 9  curr_onset 4.0
2021-12-03 15:18:39,296:DEBUG:parse:xml_parser.py:221:measure 9 measure idtag 10  curr_onset 4.0
2021-12-03 15:18:39,296:DEBUG:parse:xml_parser.py:221:measure 10 measure idtag 11  curr_onset 4.0
2021-12-03 15:18:39,296:DEBUG:parse:xml_parser.py:221:measure 11 measure idtag 12  curr_onset 4.0
2021-12-03 15:18:39,296:DEBUG:parse:xml_parser.py:221:measure 12 measure idtag 13  curr_onset 4.0
2021-12-03 15:18:39,296:DEBUG:parse:xml_parser.py:221:measure 13 measure idtag 14  curr_onset 4.0
2021-12-03 15:18:39,296:DEBUG:parse:xml_parser.py:214: ------------- part part P4 4-------------
2021-12-03 15:18:39,296:DEBUG:parse:xml_parser.py:221:measure 0 measure idtag 0  curr_onset 4.0
2021-12-03 15:18:39,296:DEBUG:parse:xml_parser.py:221:measure 0 measure idtag 1  curr_onset 4.0
2021-12-03 15:18:39,296:DEBUG:parse:xml_parser.py:221:measure 1 measure idtag 2  curr_onset 4.0
2021-12-03 15:18:39,296:DEBUG:parse:xml_parser.py:221:measure 2 measure idtag 3  curr_onset 4.0
2021-12-03 15:18:39,296:DEBUG:parse:xml_parser.py:221:measure 3 measure idtag 4  curr_onset 4.0
2021-12-03 15:18:39,296:DEBUG:parse:xml_parser.py:221:measure 4 measure idtag 5  curr_onset 4.0
2021-12-03 15:18:39,296:DEBUG:parse:xml_parser.py:221:measure 5 measure idtag 6  curr_onset 4.0
2021-12-03 15:18:39,296:DEBUG:parse:xml_parser.py:221:measure 6 measure idtag 7  curr_onset 4.0
2021-12-03 15:18:39,296:DEBUG:parse:xml_parser.py:221:measure 7 measure idtag 8  curr_onset 4.0
2021-12-03 15:18:39,297:DEBUG:parse:xml_parser.py:221:measure 8 measure idtag 9  curr_onset 4.0
2021-12-03 15:18:39,297:DEBUG:parse:xml_parser.py:221:measure 9 measure idtag 10  curr_onset 4.0
2021-12-03 15:18:39,297:DEBUG:parse:xml_parser.py:221:measure 10 measure idtag 11  curr_onset 4.0
2021-12-03 15:18:39,297:DEBUG:parse:xml_parser.py:221:measure 11 measure idtag 12  curr_onset 4.0
2021-12-03 15:18:39,297:DEBUG:parse:xml_parser.py:221:measure 12 measure idtag 13  curr_onset 4.0
2021-12-03 15:18:39,297:DEBUG:parse:xml_parser.py:221:measure 13 measure idtag 14  curr_onset 4.0
2021-12-03 15:18:39,297:DEBUG:parse:xml_parser.py:214: ------------- part part P5 5-------------
2021-12-03 15:18:39,297:DEBUG:parse:xml_parser.py:221:measure 0 measure idtag 0  curr_onset 4.0
2021-12-03 15:18:39,297:DEBUG:parse:xml_parser.py:221:measure 0 measure idtag 1  curr_onset 4.0
2021-12-03 15:18:39,297:DEBUG:parse:xml_parser.py:221:measure 1 measure idtag 2  curr_onset 4.0
2021-12-03 15:18:39,297:DEBUG:parse:xml_parser.py:221:measure 2 measure idtag 3  curr_onset 4.0
2021-12-03 15:18:39,297:DEBUG:parse:xml_parser.py:221:measure 3 measure idtag 4  curr_onset 4.0
2021-12-03 15:18:39,297:DEBUG:parse:xml_parser.py:221:measure 4 measure idtag 5  curr_onset 4.0
2021-12-03 15:18:39,297:DEBUG:parse:xml_parser.py:221:measure 5 measure idtag 6  curr_onset 4.0
2021-12-03 15:18:39,297:DEBUG:parse:xml_parser.py:221:measure 6 measure idtag 7  curr_onset 4.0
2021-12-03 15:18:39,297:DEBUG:parse:xml_parser.py:221:measure 7 measure idtag 8  curr_onset 4.0
2021-12-03 15:18:39,297:DEBUG:parse:xml_parser.py:221:measure 8 measure idtag 9  curr_onset 4.0
2021-12-03 15:18:39,297:DEBUG:parse:xml_parser.py:221:measure 9 measure idtag 10  curr_onset 4.0
2021-12-03 15:18:39,297:DEBUG:parse:xml_parser.py:221:measure 10 measure idtag 11  curr_onset 4.0
2021-12-03 15:18:39,297:DEBUG:parse:xml_parser.py:221:measure 11 measure idtag 12  curr_onset 4.0
2021-12-03 15:18:39,298:DEBUG:parse:xml_parser.py:221:measure 12 measure idtag 13  curr_onset 4.0
2021-12-03 15:18:39,298:DEBUG:parse:xml_parser.py:221:measure 13 measure idtag 14  curr_onset 4.0
2021-12-03 15:18:39,298:DEBUG:parse:xml_parser.py:321:self.step                   :301
2021-12-03 15:18:39,298:DEBUG:parse:xml_parser.py:322:self.octave                 :301
2021-12-03 15:18:39,298:DEBUG:parse:xml_parser.py:323:self.tie                    :301
2021-12-03 15:18:39,298:DEBUG:parse:xml_parser.py:324:self.duration               :301
2021-12-03 15:18:39,298:DEBUG:parse:xml_parser.py:325:self.chord_tags             :301
2021-12-03 15:18:39,298:DEBUG:parse:xml_parser.py:326:self.voice_num              :301
2021-12-03 15:18:39,298:DEBUG:parse:xml_parser.py:327:self.GraceNote              :301
2021-12-03 15:18:39,298:DEBUG:parse:xml_parser.py:328:self.measure_num_per_note   :301
2021-12-03 15:18:39,298:DEBUG:parse:xml_parser.py:329:self.glb_part_id_list       :301
2021-12-03 15:18:39,298:DEBUG:parse:xml_parser.py:330:self.part_name_list         :301
2021-12-03 15:18:39,298:DEBUG:parse:xml_parser.py:331:measure_onset_list          :75
2021-12-03 15:18:39,298:DEBUG:parse:xml_parser.py:332:self.note_counter_list      :301
2021-12-03 15:18:39,298:DEBUG:parse:xml_parser.py:333:self.measure_onset_df       :301
2021-12-03 15:18:39,298:DEBUG:parse:xml_parser.py:334:self.time_signature_list    :301
2021-12-03 15:18:39,298:DEBUG:parse:xml_parser.py:335:measure_duration_list       :301
2021-12-03 15:18:39,298:DEBUG:parse:xml_parser.py:336:curr_measure_num            :14
2021-12-03 15:18:39,456:INFO:parse:parse.py:81:Successful
